{"/home/iiitb/Vidu_SE/SEProject/Mernify/Backend/controllers/promptController.js": {"path":"/home/iiitb/Vidu_SE/SEProject/Mernify/Backend/controllers/promptController.js","statementMap":{"0":{"start":{"line":8,"column":25},"end":{"line":46,"column":1}},"1":{"start":{"line":9,"column":2},"end":{"line":45,"column":3}},"2":{"start":{"line":10,"column":41},"end":{"line":10,"column":49}},"3":{"start":{"line":11,"column":4},"end":{"line":11,"column":97}},"4":{"start":{"line":11,"column":25},"end":{"line":11,"column":97}},"5":{"start":{"line":14,"column":20},"end":{"line":14,"column":24}},"6":{"start":{"line":15,"column":4},"end":{"line":18,"column":5}},"7":{"start":{"line":16,"column":6},"end":{"line":16,"column":56}},"8":{"start":{"line":17,"column":6},"end":{"line":17,"column":86}},"9":{"start":{"line":17,"column":22},"end":{"line":17,"column":86}},"10":{"start":{"line":20,"column":22},"end":{"line":33,"column":6}},"11":{"start":{"line":35,"column":4},"end":{"line":39,"column":5}},"12":{"start":{"line":36,"column":6},"end":{"line":36,"column":50}},"13":{"start":{"line":37,"column":6},"end":{"line":37,"column":44}},"14":{"start":{"line":38,"column":6},"end":{"line":38,"column":29}},"15":{"start":{"line":41,"column":4},"end":{"line":41,"column":36}},"16":{"start":{"line":43,"column":4},"end":{"line":43,"column":49}},"17":{"start":{"line":44,"column":4},"end":{"line":44,"column":83}},"18":{"start":{"line":49,"column":26},"end":{"line":60,"column":1}},"19":{"start":{"line":50,"column":2},"end":{"line":59,"column":3}},"20":{"start":{"line":52,"column":20},"end":{"line":54,"column":13}},"21":{"start":{"line":55,"column":4},"end":{"line":55,"column":22}},"22":{"start":{"line":57,"column":4},"end":{"line":57,"column":50}},"23":{"start":{"line":58,"column":4},"end":{"line":58,"column":74}},"24":{"start":{"line":63,"column":29},"end":{"line":80,"column":1}},"25":{"start":{"line":64,"column":2},"end":{"line":79,"column":3}},"26":{"start":{"line":65,"column":19},"end":{"line":65,"column":29}},"27":{"start":{"line":66,"column":4},"end":{"line":66,"column":108}},"28":{"start":{"line":66,"column":46},"end":{"line":66,"column":108}},"29":{"start":{"line":68,"column":19},"end":{"line":71,"column":13}},"30":{"start":{"line":73,"column":4},"end":{"line":73,"column":78}},"31":{"start":{"line":73,"column":17},"end":{"line":73,"column":78}},"32":{"start":{"line":75,"column":4},"end":{"line":75,"column":21}},"33":{"start":{"line":77,"column":4},"end":{"line":77,"column":51}},"34":{"start":{"line":78,"column":4},"end":{"line":78,"column":85}},"35":{"start":{"line":83,"column":35},"end":{"line":131,"column":1}},"36":{"start":{"line":84,"column":2},"end":{"line":130,"column":3}},"37":{"start":{"line":85,"column":19},"end":{"line":85,"column":29}},"38":{"start":{"line":86,"column":36},"end":{"line":86,"column":44}},"39":{"start":{"line":87,"column":4},"end":{"line":87,"column":95}},"40":{"start":{"line":87,"column":24},"end":{"line":87,"column":95}},"41":{"start":{"line":89,"column":19},"end":{"line":89,"column":44}},"42":{"start":{"line":90,"column":4},"end":{"line":90,"column":78}},"43":{"start":{"line":90,"column":17},"end":{"line":90,"column":78}},"44":{"start":{"line":92,"column":4},"end":{"line":103,"column":5}},"45":{"start":{"line":93,"column":25},"end":{"line":98,"column":7}},"46":{"start":{"line":99,"column":6},"end":{"line":99,"column":39}},"47":{"start":{"line":100,"column":6},"end":{"line":100,"column":34}},"48":{"start":{"line":101,"column":6},"end":{"line":101,"column":26}},"49":{"start":{"line":102,"column":6},"end":{"line":102,"column":98}},"50":{"start":{"line":105,"column":20},"end":{"line":110,"column":5}},"51":{"start":{"line":112,"column":4},"end":{"line":112,"column":40}},"52":{"start":{"line":113,"column":4},"end":{"line":113,"column":24}},"53":{"start":{"line":115,"column":24},"end":{"line":115,"column":79}},"54":{"start":{"line":117,"column":4},"end":{"line":120,"column":7}},"55":{"start":{"line":122,"column":4},"end":{"line":126,"column":7}},"56":{"start":{"line":128,"column":4},"end":{"line":128,"column":58}},"57":{"start":{"line":129,"column":4},"end":{"line":129,"column":83}},"58":{"start":{"line":134,"column":35},"end":{"line":174,"column":1}},"59":{"start":{"line":135,"column":2},"end":{"line":173,"column":3}},"60":{"start":{"line":136,"column":35},"end":{"line":136,"column":45}},"61":{"start":{"line":137,"column":4},"end":{"line":139,"column":5}},"62":{"start":{"line":138,"column":6},"end":{"line":138,"column":62}},"63":{"start":{"line":141,"column":19},"end":{"line":141,"column":50}},"64":{"start":{"line":142,"column":4},"end":{"line":142,"column":78}},"65":{"start":{"line":142,"column":17},"end":{"line":142,"column":78}},"66":{"start":{"line":144,"column":4},"end":{"line":146,"column":5}},"67":{"start":{"line":145,"column":6},"end":{"line":145,"column":84}},"68":{"start":{"line":148,"column":19},"end":{"line":148,"column":53}},"69":{"start":{"line":149,"column":4},"end":{"line":151,"column":5}},"70":{"start":{"line":150,"column":6},"end":{"line":150,"column":73}},"71":{"start":{"line":153,"column":4},"end":{"line":153,"column":39}},"72":{"start":{"line":154,"column":4},"end":{"line":159,"column":7}},"73":{"start":{"line":161,"column":4},"end":{"line":161,"column":31}},"74":{"start":{"line":162,"column":4},"end":{"line":162,"column":38}},"75":{"start":{"line":163,"column":4},"end":{"line":163,"column":36}},"76":{"start":{"line":165,"column":4},"end":{"line":165,"column":24}},"77":{"start":{"line":167,"column":26},"end":{"line":167,"column":95}},"78":{"start":{"line":169,"column":4},"end":{"line":169,"column":86}},"79":{"start":{"line":171,"column":4},"end":{"line":171,"column":52}},"80":{"start":{"line":172,"column":4},"end":{"line":172,"column":83}},"81":{"start":{"line":177,"column":34},"end":{"line":207,"column":1}},"82":{"start":{"line":178,"column":2},"end":{"line":206,"column":3}},"83":{"start":{"line":179,"column":35},"end":{"line":179,"column":45}},"84":{"start":{"line":180,"column":4},"end":{"line":182,"column":5}},"85":{"start":{"line":181,"column":6},"end":{"line":181,"column":62}},"86":{"start":{"line":184,"column":19},"end":{"line":184,"column":50}},"87":{"start":{"line":185,"column":4},"end":{"line":185,"column":78}},"88":{"start":{"line":185,"column":17},"end":{"line":185,"column":78}},"89":{"start":{"line":187,"column":4},"end":{"line":189,"column":5}},"90":{"start":{"line":188,"column":6},"end":{"line":188,"column":83}},"91":{"start":{"line":191,"column":19},"end":{"line":191,"column":53}},"92":{"start":{"line":192,"column":4},"end":{"line":194,"column":5}},"93":{"start":{"line":193,"column":6},"end":{"line":193,"column":73}},"94":{"start":{"line":196,"column":4},"end":{"line":196,"column":31}},"95":{"start":{"line":197,"column":4},"end":{"line":197,"column":38}},"96":{"start":{"line":198,"column":4},"end":{"line":198,"column":36}},"97":{"start":{"line":200,"column":4},"end":{"line":200,"column":24}},"98":{"start":{"line":202,"column":4},"end":{"line":202,"column":91}},"99":{"start":{"line":204,"column":4},"end":{"line":204,"column":52}},"100":{"start":{"line":205,"column":4},"end":{"line":205,"column":83}},"101":{"start":{"line":210,"column":33},"end":{"line":254,"column":1}},"102":{"start":{"line":211,"column":2},"end":{"line":253,"column":3}},"103":{"start":{"line":212,"column":18},"end":{"line":212,"column":52}},"104":{"start":{"line":213,"column":20},"end":{"line":216,"column":49}},"105":{"start":{"line":218,"column":22},"end":{"line":218,"column":24}},"106":{"start":{"line":219,"column":4},"end":{"line":233,"column":5}},"107":{"start":{"line":220,"column":6},"end":{"line":232,"column":7}},"108":{"start":{"line":221,"column":8},"end":{"line":231,"column":9}},"109":{"start":{"line":222,"column":10},"end":{"line":230,"column":13}},"110":{"start":{"line":235,"column":20},"end":{"line":235,"column":103}},"111":{"start":{"line":235,"column":56},"end":{"line":235,"column":84}},"112":{"start":{"line":236,"column":20},"end":{"line":236,"column":22}},"113":{"start":{"line":237,"column":4},"end":{"line":240,"column":5}},"114":{"start":{"line":238,"column":20},"end":{"line":238,"column":95}},"115":{"start":{"line":239,"column":6},"end":{"line":239,"column":59}},"116":{"start":{"line":239,"column":29},"end":{"line":239,"column":59}},"117":{"start":{"line":241,"column":4},"end":{"line":244,"column":8}},"118":{"start":{"line":241,"column":43},"end":{"line":244,"column":5}},"119":{"start":{"line":246,"column":18},"end":{"line":246,"column":36}},"120":{"start":{"line":247,"column":18},"end":{"line":247,"column":80}},"121":{"start":{"line":249,"column":4},"end":{"line":249,"column":38}},"122":{"start":{"line":251,"column":4},"end":{"line":251,"column":59}},"123":{"start":{"line":252,"column":4},"end":{"line":252,"column":83}},"124":{"start":{"line":259,"column":34},"end":{"line":290,"column":1}},"125":{"start":{"line":260,"column":2},"end":{"line":289,"column":3}},"126":{"start":{"line":261,"column":19},"end":{"line":261,"column":29}},"127":{"start":{"line":262,"column":4},"end":{"line":262,"column":108}},"128":{"start":{"line":262,"column":46},"end":{"line":262,"column":108}},"129":{"start":{"line":267,"column":19},"end":{"line":267,"column":44}},"130":{"start":{"line":268,"column":4},"end":{"line":268,"column":78}},"131":{"start":{"line":268,"column":17},"end":{"line":268,"column":78}},"132":{"start":{"line":270,"column":19},"end":{"line":270,"column":42}},"133":{"start":{"line":271,"column":16},"end":{"line":271,"column":80}},"134":{"start":{"line":271,"column":56},"end":{"line":271,"column":79}},"135":{"start":{"line":273,"column":4},"end":{"line":285,"column":5}},"136":{"start":{"line":275,"column":6},"end":{"line":275,"column":38}},"137":{"start":{"line":276,"column":6},"end":{"line":276,"column":62}},"138":{"start":{"line":277,"column":6},"end":{"line":277,"column":26}},"139":{"start":{"line":278,"column":6},"end":{"line":278,"column":119}},"140":{"start":{"line":281,"column":6},"end":{"line":281,"column":42}},"141":{"start":{"line":282,"column":6},"end":{"line":282,"column":49}},"142":{"start":{"line":283,"column":6},"end":{"line":283,"column":26}},"143":{"start":{"line":284,"column":6},"end":{"line":284,"column":111}},"144":{"start":{"line":287,"column":4},"end":{"line":287,"column":51}},"145":{"start":{"line":288,"column":4},"end":{"line":288,"column":83}},"146":{"start":{"line":293,"column":37},"end":{"line":302,"column":1}},"147":{"start":{"line":294,"column":2},"end":{"line":301,"column":3}},"148":{"start":{"line":295,"column":20},"end":{"line":295,"column":87}},"149":{"start":{"line":296,"column":18},"end":{"line":296,"column":60}},"150":{"start":{"line":296,"column":43},"end":{"line":296,"column":59}},"151":{"start":{"line":297,"column":4},"end":{"line":297,"column":31}},"152":{"start":{"line":299,"column":4},"end":{"line":299,"column":64}},"153":{"start":{"line":300,"column":4},"end":{"line":300,"column":83}}},"fnMap":{"0":{"name":"(anonymous_0)","decl":{"start":{"line":8,"column":25},"end":{"line":8,"column":26}},"loc":{"start":{"line":8,"column":45},"end":{"line":46,"column":1}},"line":8},"1":{"name":"(anonymous_1)","decl":{"start":{"line":49,"column":26},"end":{"line":49,"column":27}},"loc":{"start":{"line":49,"column":46},"end":{"line":60,"column":1}},"line":49},"2":{"name":"(anonymous_2)","decl":{"start":{"line":63,"column":29},"end":{"line":63,"column":30}},"loc":{"start":{"line":63,"column":49},"end":{"line":80,"column":1}},"line":63},"3":{"name":"(anonymous_3)","decl":{"start":{"line":83,"column":35},"end":{"line":83,"column":36}},"loc":{"start":{"line":83,"column":55},"end":{"line":131,"column":1}},"line":83},"4":{"name":"(anonymous_4)","decl":{"start":{"line":134,"column":35},"end":{"line":134,"column":36}},"loc":{"start":{"line":134,"column":55},"end":{"line":174,"column":1}},"line":134},"5":{"name":"(anonymous_5)","decl":{"start":{"line":177,"column":34},"end":{"line":177,"column":35}},"loc":{"start":{"line":177,"column":54},"end":{"line":207,"column":1}},"line":177},"6":{"name":"(anonymous_6)","decl":{"start":{"line":210,"column":33},"end":{"line":210,"column":34}},"loc":{"start":{"line":210,"column":53},"end":{"line":254,"column":1}},"line":210},"7":{"name":"(anonymous_7)","decl":{"start":{"line":235,"column":48},"end":{"line":235,"column":49}},"loc":{"start":{"line":235,"column":56},"end":{"line":235,"column":84}},"line":235},"8":{"name":"(anonymous_8)","decl":{"start":{"line":241,"column":34},"end":{"line":241,"column":35}},"loc":{"start":{"line":241,"column":43},"end":{"line":244,"column":5}},"line":241},"9":{"name":"(anonymous_9)","decl":{"start":{"line":259,"column":34},"end":{"line":259,"column":35}},"loc":{"start":{"line":259,"column":54},"end":{"line":290,"column":1}},"line":259},"10":{"name":"(anonymous_10)","decl":{"start":{"line":271,"column":51},"end":{"line":271,"column":52}},"loc":{"start":{"line":271,"column":56},"end":{"line":271,"column":79}},"line":271},"11":{"name":"(anonymous_11)","decl":{"start":{"line":293,"column":37},"end":{"line":293,"column":38}},"loc":{"start":{"line":293,"column":57},"end":{"line":302,"column":1}},"line":293},"12":{"name":"(anonymous_12)","decl":{"start":{"line":296,"column":38},"end":{"line":296,"column":39}},"loc":{"start":{"line":296,"column":43},"end":{"line":296,"column":59}},"line":296}},"branchMap":{"0":{"loc":{"start":{"line":11,"column":4},"end":{"line":11,"column":97}},"type":"if","locations":[{"start":{"line":11,"column":4},"end":{"line":11,"column":97}},{"start":{},"end":{}}],"line":11},"1":{"loc":{"start":{"line":11,"column":8},"end":{"line":11,"column":23}},"type":"binary-expr","locations":[{"start":{"line":11,"column":8},"end":{"line":11,"column":14}},{"start":{"line":11,"column":18},"end":{"line":11,"column":23}}],"line":11},"2":{"loc":{"start":{"line":15,"column":4},"end":{"line":18,"column":5}},"type":"if","locations":[{"start":{"line":15,"column":4},"end":{"line":18,"column":5}},{"start":{},"end":{}}],"line":15},"3":{"loc":{"start":{"line":17,"column":6},"end":{"line":17,"column":86}},"type":"if","locations":[{"start":{"line":17,"column":6},"end":{"line":17,"column":86}},{"start":{},"end":{}}],"line":17},"4":{"loc":{"start":{"line":24,"column":19},"end":{"line":24,"column":38}},"type":"binary-expr","locations":[{"start":{"line":24,"column":19},"end":{"line":24,"column":30}},{"start":{"line":24,"column":34},"end":{"line":24,"column":38}}],"line":24},"5":{"loc":{"start":{"line":35,"column":4},"end":{"line":39,"column":5}},"type":"if","locations":[{"start":{"line":35,"column":4},"end":{"line":39,"column":5}},{"start":{},"end":{}}],"line":35},"6":{"loc":{"start":{"line":36,"column":26},"end":{"line":36,"column":49}},"type":"binary-expr","locations":[{"start":{"line":36,"column":26},"end":{"line":36,"column":43}},{"start":{"line":36,"column":47},"end":{"line":36,"column":49}}],"line":36},"7":{"loc":{"start":{"line":66,"column":4},"end":{"line":66,"column":108}},"type":"if","locations":[{"start":{"line":66,"column":4},"end":{"line":66,"column":108}},{"start":{},"end":{}}],"line":66},"8":{"loc":{"start":{"line":73,"column":4},"end":{"line":73,"column":78}},"type":"if","locations":[{"start":{"line":73,"column":4},"end":{"line":73,"column":78}},{"start":{},"end":{}}],"line":73},"9":{"loc":{"start":{"line":87,"column":4},"end":{"line":87,"column":95}},"type":"if","locations":[{"start":{"line":87,"column":4},"end":{"line":87,"column":95}},{"start":{},"end":{}}],"line":87},"10":{"loc":{"start":{"line":90,"column":4},"end":{"line":90,"column":78}},"type":"if","locations":[{"start":{"line":90,"column":4},"end":{"line":90,"column":78}},{"start":{},"end":{}}],"line":90},"11":{"loc":{"start":{"line":92,"column":4},"end":{"line":103,"column":5}},"type":"if","locations":[{"start":{"line":92,"column":4},"end":{"line":103,"column":5}},{"start":{},"end":{}}],"line":92},"12":{"loc":{"start":{"line":137,"column":4},"end":{"line":139,"column":5}},"type":"if","locations":[{"start":{"line":137,"column":4},"end":{"line":139,"column":5}},{"start":{},"end":{}}],"line":137},"13":{"loc":{"start":{"line":137,"column":8},"end":{"line":137,"column":96}},"type":"binary-expr","locations":[{"start":{"line":137,"column":8},"end":{"line":137,"column":50}},{"start":{"line":137,"column":54},"end":{"line":137,"column":96}}],"line":137},"14":{"loc":{"start":{"line":142,"column":4},"end":{"line":142,"column":78}},"type":"if","locations":[{"start":{"line":142,"column":4},"end":{"line":142,"column":78}},{"start":{},"end":{}}],"line":142},"15":{"loc":{"start":{"line":144,"column":4},"end":{"line":146,"column":5}},"type":"if","locations":[{"start":{"line":144,"column":4},"end":{"line":146,"column":5}},{"start":{},"end":{}}],"line":144},"16":{"loc":{"start":{"line":149,"column":4},"end":{"line":151,"column":5}},"type":"if","locations":[{"start":{"line":149,"column":4},"end":{"line":151,"column":5}},{"start":{},"end":{}}],"line":149},"17":{"loc":{"start":{"line":149,"column":8},"end":{"line":149,"column":46}},"type":"binary-expr","locations":[{"start":{"line":149,"column":8},"end":{"line":149,"column":15}},{"start":{"line":149,"column":19},"end":{"line":149,"column":46}}],"line":149},"18":{"loc":{"start":{"line":180,"column":4},"end":{"line":182,"column":5}},"type":"if","locations":[{"start":{"line":180,"column":4},"end":{"line":182,"column":5}},{"start":{},"end":{}}],"line":180},"19":{"loc":{"start":{"line":180,"column":8},"end":{"line":180,"column":96}},"type":"binary-expr","locations":[{"start":{"line":180,"column":8},"end":{"line":180,"column":50}},{"start":{"line":180,"column":54},"end":{"line":180,"column":96}}],"line":180},"20":{"loc":{"start":{"line":185,"column":4},"end":{"line":185,"column":78}},"type":"if","locations":[{"start":{"line":185,"column":4},"end":{"line":185,"column":78}},{"start":{},"end":{}}],"line":185},"21":{"loc":{"start":{"line":187,"column":4},"end":{"line":189,"column":5}},"type":"if","locations":[{"start":{"line":187,"column":4},"end":{"line":189,"column":5}},{"start":{},"end":{}}],"line":187},"22":{"loc":{"start":{"line":192,"column":4},"end":{"line":194,"column":5}},"type":"if","locations":[{"start":{"line":192,"column":4},"end":{"line":194,"column":5}},{"start":{},"end":{}}],"line":192},"23":{"loc":{"start":{"line":192,"column":8},"end":{"line":192,"column":46}},"type":"binary-expr","locations":[{"start":{"line":192,"column":8},"end":{"line":192,"column":15}},{"start":{"line":192,"column":19},"end":{"line":192,"column":46}}],"line":192},"24":{"loc":{"start":{"line":212,"column":18},"end":{"line":212,"column":52}},"type":"binary-expr","locations":[{"start":{"line":212,"column":18},"end":{"line":212,"column":47}},{"start":{"line":212,"column":51},"end":{"line":212,"column":52}}],"line":212},"25":{"loc":{"start":{"line":221,"column":8},"end":{"line":231,"column":9}},"type":"if","locations":[{"start":{"line":221,"column":8},"end":{"line":231,"column":9}},{"start":{},"end":{}}],"line":221},"26":{"loc":{"start":{"line":237,"column":4},"end":{"line":240,"column":5}},"type":"if","locations":[{"start":{"line":237,"column":4},"end":{"line":240,"column":5}},{"start":{},"end":{}}],"line":237},"27":{"loc":{"start":{"line":243,"column":19},"end":{"line":243,"column":64}},"type":"binary-expr","locations":[{"start":{"line":243,"column":19},"end":{"line":243,"column":56}},{"start":{"line":243,"column":60},"end":{"line":243,"column":64}}],"line":243},"28":{"loc":{"start":{"line":247,"column":18},"end":{"line":247,"column":80}},"type":"cond-expr","locations":[{"start":{"line":247,"column":39},"end":{"line":247,"column":66}},{"start":{"line":247,"column":69},"end":{"line":247,"column":80}}],"line":247},"29":{"loc":{"start":{"line":247,"column":18},"end":{"line":247,"column":36}},"type":"binary-expr","locations":[{"start":{"line":247,"column":18},"end":{"line":247,"column":23}},{"start":{"line":247,"column":27},"end":{"line":247,"column":36}}],"line":247},"30":{"loc":{"start":{"line":262,"column":4},"end":{"line":262,"column":108}},"type":"if","locations":[{"start":{"line":262,"column":4},"end":{"line":262,"column":108}},{"start":{},"end":{}}],"line":262},"31":{"loc":{"start":{"line":268,"column":4},"end":{"line":268,"column":78}},"type":"if","locations":[{"start":{"line":268,"column":4},"end":{"line":268,"column":78}},{"start":{},"end":{}}],"line":268},"32":{"loc":{"start":{"line":271,"column":17},"end":{"line":271,"column":39}},"type":"binary-expr","locations":[{"start":{"line":271,"column":17},"end":{"line":271,"column":33}},{"start":{"line":271,"column":37},"end":{"line":271,"column":39}}],"line":271},"33":{"loc":{"start":{"line":273,"column":4},"end":{"line":285,"column":5}},"type":"if","locations":[{"start":{"line":273,"column":4},"end":{"line":285,"column":5}},{"start":{"line":279,"column":11},"end":{"line":285,"column":5}}],"line":273},"34":{"loc":{"start":{"line":276,"column":36},"end":{"line":276,"column":55}},"type":"binary-expr","locations":[{"start":{"line":276,"column":36},"end":{"line":276,"column":50}},{"start":{"line":276,"column":54},"end":{"line":276,"column":55}}],"line":276},"35":{"loc":{"start":{"line":282,"column":24},"end":{"line":282,"column":43}},"type":"binary-expr","locations":[{"start":{"line":282,"column":24},"end":{"line":282,"column":38}},{"start":{"line":282,"column":42},"end":{"line":282,"column":43}}],"line":282},"36":{"loc":{"start":{"line":296,"column":19},"end":{"line":296,"column":32}},"type":"binary-expr","locations":[{"start":{"line":296,"column":19},"end":{"line":296,"column":26}},{"start":{"line":296,"column":30},"end":{"line":296,"column":32}}],"line":296}},"s":{"0":3,"1":1,"2":1,"3":1,"4":0,"5":1,"6":1,"7":1,"8":1,"9":0,"10":1,"11":1,"12":1,"13":1,"14":1,"15":1,"16":0,"17":0,"18":3,"19":0,"20":0,"21":0,"22":0,"23":0,"24":3,"25":0,"26":0,"27":0,"28":0,"29":0,"30":0,"31":0,"32":0,"33":0,"34":0,"35":3,"36":2,"37":2,"38":2,"39":2,"40":0,"41":2,"42":2,"43":0,"44":2,"45":0,"46":0,"47":0,"48":0,"49":0,"50":2,"51":2,"52":2,"53":2,"54":2,"55":2,"56":0,"57":0,"58":3,"59":2,"60":2,"61":2,"62":0,"63":2,"64":2,"65":0,"66":2,"67":1,"68":1,"69":1,"70":0,"71":1,"72":1,"73":1,"74":1,"75":1,"76":1,"77":1,"78":1,"79":0,"80":0,"81":3,"82":0,"83":0,"84":0,"85":0,"86":0,"87":0,"88":0,"89":0,"90":0,"91":0,"92":0,"93":0,"94":0,"95":0,"96":0,"97":0,"98":0,"99":0,"100":0,"101":3,"102":0,"103":0,"104":0,"105":0,"106":0,"107":0,"108":0,"109":0,"110":0,"111":0,"112":0,"113":0,"114":0,"115":0,"116":0,"117":0,"118":0,"119":0,"120":0,"121":0,"122":0,"123":0,"124":3,"125":6,"126":6,"127":6,"128":1,"129":5,"130":5,"131":1,"132":4,"133":4,"134":2,"135":4,"136":2,"137":2,"138":2,"139":2,"140":2,"141":2,"142":2,"143":2,"144":0,"145":0,"146":3,"147":0,"148":0,"149":0,"150":0,"151":0,"152":0,"153":0},"f":{"0":1,"1":0,"2":0,"3":2,"4":2,"5":0,"6":0,"7":0,"8":0,"9":6,"10":2,"11":0,"12":0},"b":{"0":[0,1],"1":[1,1],"2":[1,0],"3":[0,1],"4":[1,0],"5":[1,0],"6":[1,0],"7":[0,0],"8":[0,0],"9":[0,2],"10":[0,2],"11":[0,2],"12":[0,2],"13":[2,2],"14":[0,2],"15":[1,1],"16":[0,1],"17":[1,1],"18":[0,0],"19":[0,0],"20":[0,0],"21":[0,0],"22":[0,0],"23":[0,0],"24":[0,0],"25":[0,0],"26":[0,0],"27":[0,0],"28":[0,0],"29":[0,0],"30":[1,5],"31":[1,4],"32":[4,0],"33":[2,2],"34":[2,0],"35":[2,2],"36":[0,0]},"_coverageSchema":"1a1c01bbd47fc00a2c39e90264f33305004495a9","hash":"488bb0b4cad6dedbf9df0bcc740f3df738b5f6eb"}
,"/home/iiitb/Vidu_SE/SEProject/Mernify/Backend/controllers/userController.js": {"path":"/home/iiitb/Vidu_SE/SEProject/Mernify/Backend/controllers/userController.js","statementMap":{"0":{"start":{"line":4,"column":22},"end":{"line":4,"column":115}},"1":{"start":{"line":4,"column":30},"end":{"line":4,"column":115}},"2":{"start":{"line":6,"column":28},"end":{"line":22,"column":1}},"3":{"start":{"line":7,"column":36},"end":{"line":7,"column":44}},"4":{"start":{"line":8,"column":21},"end":{"line":8,"column":50}},"5":{"start":{"line":9,"column":2},"end":{"line":9,"column":82}},"6":{"start":{"line":9,"column":18},"end":{"line":9,"column":82}},"7":{"start":{"line":11,"column":15},"end":{"line":11,"column":59}},"8":{"start":{"line":12,"column":2},"end":{"line":21,"column":3}},"9":{"start":{"line":13,"column":4},"end":{"line":18,"column":7}},"10":{"start":{"line":20,"column":4},"end":{"line":20,"column":59}},"11":{"start":{"line":24,"column":24},"end":{"line":38,"column":1}},"12":{"start":{"line":25,"column":30},"end":{"line":25,"column":38}},"13":{"start":{"line":26,"column":15},"end":{"line":26,"column":44}},"14":{"start":{"line":28,"column":2},"end":{"line":37,"column":3}},"15":{"start":{"line":29,"column":4},"end":{"line":34,"column":7}},"16":{"start":{"line":36,"column":4},"end":{"line":36,"column":61}},"17":{"start":{"line":42,"column":30},"end":{"line":50,"column":1}},"18":{"start":{"line":43,"column":15},"end":{"line":45,"column":46}},"19":{"start":{"line":47,"column":2},"end":{"line":47,"column":72}},"20":{"start":{"line":47,"column":13},"end":{"line":47,"column":72}},"21":{"start":{"line":49,"column":2},"end":{"line":49,"column":17}}},"fnMap":{"0":{"name":"(anonymous_0)","decl":{"start":{"line":4,"column":22},"end":{"line":4,"column":23}},"loc":{"start":{"line":4,"column":30},"end":{"line":4,"column":115}},"line":4},"1":{"name":"(anonymous_1)","decl":{"start":{"line":6,"column":28},"end":{"line":6,"column":29}},"loc":{"start":{"line":6,"column":48},"end":{"line":22,"column":1}},"line":6},"2":{"name":"(anonymous_2)","decl":{"start":{"line":24,"column":24},"end":{"line":24,"column":25}},"loc":{"start":{"line":24,"column":44},"end":{"line":38,"column":1}},"line":24},"3":{"name":"(anonymous_3)","decl":{"start":{"line":42,"column":30},"end":{"line":42,"column":31}},"loc":{"start":{"line":42,"column":50},"end":{"line":50,"column":1}},"line":42}},"branchMap":{"0":{"loc":{"start":{"line":4,"column":47},"end":{"line":4,"column":93}},"type":"binary-expr","locations":[{"start":{"line":4,"column":47},"end":{"line":4,"column":69}},{"start":{"line":4,"column":73},"end":{"line":4,"column":93}}],"line":4},"1":{"loc":{"start":{"line":9,"column":2},"end":{"line":9,"column":82}},"type":"if","locations":[{"start":{"line":9,"column":2},"end":{"line":9,"column":82}},{"start":{},"end":{}}],"line":9},"2":{"loc":{"start":{"line":12,"column":2},"end":{"line":21,"column":3}},"type":"if","locations":[{"start":{"line":12,"column":2},"end":{"line":21,"column":3}},{"start":{"line":19,"column":9},"end":{"line":21,"column":3}}],"line":12},"3":{"loc":{"start":{"line":28,"column":2},"end":{"line":37,"column":3}},"type":"if","locations":[{"start":{"line":28,"column":2},"end":{"line":37,"column":3}},{"start":{"line":35,"column":9},"end":{"line":37,"column":3}}],"line":28},"4":{"loc":{"start":{"line":28,"column":6},"end":{"line":28,"column":52}},"type":"binary-expr","locations":[{"start":{"line":28,"column":6},"end":{"line":28,"column":10}},{"start":{"line":28,"column":15},"end":{"line":28,"column":51}}],"line":28},"5":{"loc":{"start":{"line":47,"column":2},"end":{"line":47,"column":72}},"type":"if","locations":[{"start":{"line":47,"column":2},"end":{"line":47,"column":72}},{"start":{},"end":{}}],"line":47}},"s":{"0":3,"1":2,"2":3,"3":2,"4":2,"5":2,"6":1,"7":1,"8":1,"9":1,"10":0,"11":3,"12":2,"13":2,"14":2,"15":1,"16":1,"17":3,"18":1,"19":0,"20":0,"21":0},"f":{"0":2,"1":2,"2":2,"3":1},"b":{"0":[2,0],"1":[1,1],"2":[1,0],"3":[1,1],"4":[2,2],"5":[0,0]},"_coverageSchema":"1a1c01bbd47fc00a2c39e90264f33305004495a9","hash":"232288dfeb03d868840b4387644e75ee8ec1eb29"}
,"/home/iiitb/Vidu_SE/SEProject/Mernify/Backend/controllers/workspaceController.js": {"path":"/home/iiitb/Vidu_SE/SEProject/Mernify/Backend/controllers/workspaceController.js","statementMap":{"0":{"start":{"line":7,"column":31},"end":{"line":25,"column":1}},"1":{"start":{"line":8,"column":2},"end":{"line":24,"column":3}},"2":{"start":{"line":9,"column":22},"end":{"line":9,"column":30}},"3":{"start":{"line":10,"column":4},"end":{"line":10,"column":86}},"4":{"start":{"line":10,"column":24},"end":{"line":10,"column":86}},"5":{"start":{"line":11,"column":22},"end":{"line":16,"column":6}},"6":{"start":{"line":18,"column":15},"end":{"line":18,"column":48}},"7":{"start":{"line":19,"column":4},"end":{"line":19,"column":40}},"8":{"start":{"line":20,"column":4},"end":{"line":20,"column":22}},"9":{"start":{"line":21,"column":4},"end":{"line":21,"column":36}},"10":{"start":{"line":23,"column":4},"end":{"line":23,"column":88}},"11":{"start":{"line":28,"column":33},"end":{"line":57,"column":1}},"12":{"start":{"line":29,"column":2},"end":{"line":56,"column":3}},"13":{"start":{"line":31,"column":29},"end":{"line":36,"column":53}},"14":{"start":{"line":39,"column":32},"end":{"line":51,"column":6}},"15":{"start":{"line":41,"column":32},"end":{"line":41,"column":45}},"16":{"start":{"line":44,"column":24},"end":{"line":44,"column":92}},"17":{"start":{"line":46,"column":8},"end":{"line":50,"column":10}},"18":{"start":{"line":53,"column":4},"end":{"line":53,"column":34}},"19":{"start":{"line":55,"column":4},"end":{"line":55,"column":89}},"20":{"start":{"line":59,"column":36},"end":{"line":91,"column":1}},"21":{"start":{"line":60,"column":2},"end":{"line":90,"column":3}},"22":{"start":{"line":61,"column":28},"end":{"line":61,"column":38}},"23":{"start":{"line":62,"column":34},"end":{"line":62,"column":42}},"24":{"start":{"line":64,"column":22},"end":{"line":64,"column":59}},"25":{"start":{"line":65,"column":4},"end":{"line":65,"column":84}},"26":{"start":{"line":65,"column":20},"end":{"line":65,"column":84}},"27":{"start":{"line":68,"column":19},"end":{"line":82,"column":6}},"28":{"start":{"line":84,"column":4},"end":{"line":84,"column":39}},"29":{"start":{"line":85,"column":4},"end":{"line":85,"column":27}},"30":{"start":{"line":87,"column":4},"end":{"line":87,"column":75}},"31":{"start":{"line":89,"column":4},"end":{"line":89,"column":83}},"32":{"start":{"line":94,"column":47},"end":{"line":123,"column":1}},"33":{"start":{"line":95,"column":2},"end":{"line":122,"column":3}},"34":{"start":{"line":96,"column":23},"end":{"line":116,"column":6}},"35":{"start":{"line":118,"column":4},"end":{"line":118,"column":25}},"36":{"start":{"line":120,"column":4},"end":{"line":120,"column":77}},"37":{"start":{"line":121,"column":4},"end":{"line":121,"column":97}},"38":{"start":{"line":125,"column":29},"end":{"line":175,"column":1}},"39":{"start":{"line":126,"column":17},"end":{"line":126,"column":27}},"40":{"start":{"line":128,"column":17},"end":{"line":128,"column":45}},"41":{"start":{"line":130,"column":2},"end":{"line":132,"column":3}},"42":{"start":{"line":131,"column":7},"end":{"line":131,"column":103}},"43":{"start":{"line":134,"column":2},"end":{"line":136,"column":3}},"44":{"start":{"line":135,"column":4},"end":{"line":135,"column":69}},"45":{"start":{"line":138,"column":2},"end":{"line":174,"column":3}},"46":{"start":{"line":139,"column":22},"end":{"line":139,"column":50}},"47":{"start":{"line":141,"column":4},"end":{"line":143,"column":5}},"48":{"start":{"line":142,"column":6},"end":{"line":142,"column":70}},"49":{"start":{"line":146,"column":4},"end":{"line":148,"column":5}},"50":{"start":{"line":146,"column":36},"end":{"line":146,"column":49}},"51":{"start":{"line":147,"column":6},"end":{"line":147,"column":85}},"52":{"start":{"line":151,"column":4},"end":{"line":151,"column":35}},"53":{"start":{"line":152,"column":4},"end":{"line":152,"column":27}},"54":{"start":{"line":155,"column":17},"end":{"line":155,"column":44}},"55":{"start":{"line":156,"column":4},"end":{"line":159,"column":5}},"56":{"start":{"line":157,"column":8},"end":{"line":157,"column":44}},"57":{"start":{"line":158,"column":8},"end":{"line":158,"column":26}},"58":{"start":{"line":161,"column":4},"end":{"line":164,"column":7}},"59":{"start":{"line":168,"column":4},"end":{"line":168,"column":58}},"60":{"start":{"line":170,"column":4},"end":{"line":172,"column":5}},"61":{"start":{"line":171,"column":8},"end":{"line":171,"column":87}},"62":{"start":{"line":173,"column":4},"end":{"line":173,"column":63}}},"fnMap":{"0":{"name":"(anonymous_0)","decl":{"start":{"line":7,"column":31},"end":{"line":7,"column":32}},"loc":{"start":{"line":7,"column":51},"end":{"line":25,"column":1}},"line":7},"1":{"name":"(anonymous_1)","decl":{"start":{"line":28,"column":33},"end":{"line":28,"column":34}},"loc":{"start":{"line":28,"column":53},"end":{"line":57,"column":1}},"line":28},"2":{"name":"(anonymous_2)","decl":{"start":{"line":39,"column":53},"end":{"line":39,"column":54}},"loc":{"start":{"line":39,"column":59},"end":{"line":51,"column":5}},"line":39},"3":{"name":"(anonymous_3)","decl":{"start":{"line":59,"column":36},"end":{"line":59,"column":37}},"loc":{"start":{"line":59,"column":56},"end":{"line":91,"column":1}},"line":59},"4":{"name":"(anonymous_4)","decl":{"start":{"line":94,"column":47},"end":{"line":94,"column":48}},"loc":{"start":{"line":94,"column":67},"end":{"line":123,"column":1}},"line":94},"5":{"name":"(anonymous_5)","decl":{"start":{"line":125,"column":29},"end":{"line":125,"column":30}},"loc":{"start":{"line":125,"column":49},"end":{"line":175,"column":1}},"line":125},"6":{"name":"(anonymous_6)","decl":{"start":{"line":146,"column":30},"end":{"line":146,"column":31}},"loc":{"start":{"line":146,"column":36},"end":{"line":146,"column":49}},"line":146}},"branchMap":{"0":{"loc":{"start":{"line":10,"column":4},"end":{"line":10,"column":86}},"type":"if","locations":[{"start":{"line":10,"column":4},"end":{"line":10,"column":86}},{"start":{},"end":{}}],"line":10},"1":{"loc":{"start":{"line":65,"column":4},"end":{"line":65,"column":84}},"type":"if","locations":[{"start":{"line":65,"column":4},"end":{"line":65,"column":84}},{"start":{},"end":{}}],"line":65},"2":{"loc":{"start":{"line":128,"column":17},"end":{"line":128,"column":45}},"type":"binary-expr","locations":[{"start":{"line":128,"column":17},"end":{"line":128,"column":30}},{"start":{"line":128,"column":34},"end":{"line":128,"column":45}}],"line":128},"3":{"loc":{"start":{"line":130,"column":2},"end":{"line":132,"column":3}},"type":"if","locations":[{"start":{"line":130,"column":2},"end":{"line":132,"column":3}},{"start":{},"end":{}}],"line":130},"4":{"loc":{"start":{"line":134,"column":2},"end":{"line":136,"column":3}},"type":"if","locations":[{"start":{"line":134,"column":2},"end":{"line":136,"column":3}},{"start":{},"end":{}}],"line":134},"5":{"loc":{"start":{"line":141,"column":4},"end":{"line":143,"column":5}},"type":"if","locations":[{"start":{"line":141,"column":4},"end":{"line":143,"column":5}},{"start":{},"end":{}}],"line":141},"6":{"loc":{"start":{"line":146,"column":4},"end":{"line":148,"column":5}},"type":"if","locations":[{"start":{"line":146,"column":4},"end":{"line":148,"column":5}},{"start":{},"end":{}}],"line":146},"7":{"loc":{"start":{"line":156,"column":4},"end":{"line":159,"column":5}},"type":"if","locations":[{"start":{"line":156,"column":4},"end":{"line":159,"column":5}},{"start":{},"end":{}}],"line":156},"8":{"loc":{"start":{"line":156,"column":8},"end":{"line":156,"column":56}},"type":"binary-expr","locations":[{"start":{"line":156,"column":8},"end":{"line":156,"column":12}},{"start":{"line":156,"column":16},"end":{"line":156,"column":56}}],"line":156},"9":{"loc":{"start":{"line":170,"column":4},"end":{"line":172,"column":5}},"type":"if","locations":[{"start":{"line":170,"column":4},"end":{"line":172,"column":5}},{"start":{},"end":{}}],"line":170}},"s":{"0":2,"1":3,"2":3,"3":3,"4":1,"5":2,"6":2,"7":2,"8":2,"9":2,"10":0,"11":2,"12":2,"13":2,"14":2,"15":2,"16":2,"17":2,"18":2,"19":0,"20":2,"21":0,"22":0,"23":0,"24":0,"25":0,"26":0,"27":0,"28":0,"29":0,"30":0,"31":0,"32":2,"33":0,"34":0,"35":0,"36":0,"37":0,"38":2,"39":1,"40":1,"41":1,"42":0,"43":1,"44":0,"45":1,"46":1,"47":1,"48":0,"49":1,"50":1,"51":0,"52":1,"53":1,"54":1,"55":1,"56":1,"57":1,"58":1,"59":0,"60":0,"61":0,"62":0},"f":{"0":3,"1":2,"2":2,"3":0,"4":0,"5":1,"6":1},"b":{"0":[1,2],"1":[0,0],"2":[1,0],"3":[0,1],"4":[0,1],"5":[0,1],"6":[0,1],"7":[1,0],"8":[1,1],"9":[0,0]},"_coverageSchema":"1a1c01bbd47fc00a2c39e90264f33305004495a9","hash":"3f04a400724eefb5b49ec93888b66797309ca769"}
,"/home/iiitb/Vidu_SE/SEProject/Mernify/Backend/models/Prompt.js": {"path":"/home/iiitb/Vidu_SE/SEProject/Mernify/Backend/models/Prompt.js","statementMap":{"0":{"start":{"line":4,"column":28},"end":{"line":11,"column":17}},"1":{"start":{"line":13,"column":29},"end":{"line":18,"column":17}},"2":{"start":{"line":20,"column":21},"end":{"line":32,"column":24}},"3":{"start":{"line":34,"column":15},"end":{"line":34,"column":53}},"4":{"start":{"line":36,"column":0},"end":{"line":36,"column":88}}},"fnMap":{},"branchMap":{},"s":{"0":2,"1":2,"2":2,"3":2,"4":2},"f":{},"b":{},"_coverageSchema":"1a1c01bbd47fc00a2c39e90264f33305004495a9","hash":"c61744212664911a54aed67186a968d9a71a5438"}
,"/home/iiitb/Vidu_SE/SEProject/Mernify/Backend/models/User.js": {"path":"/home/iiitb/Vidu_SE/SEProject/Mernify/Backend/models/User.js","statementMap":{"0":{"start":{"line":4,"column":19},"end":{"line":9,"column":2}},"1":{"start":{"line":12,"column":0},"end":{"line":21,"column":3}},"2":{"start":{"line":13,"column":2},"end":{"line":13,"column":50}},"3":{"start":{"line":13,"column":36},"end":{"line":13,"column":50}},"4":{"start":{"line":14,"column":2},"end":{"line":20,"column":3}},"5":{"start":{"line":15,"column":17},"end":{"line":15,"column":41}},"6":{"start":{"line":16,"column":4},"end":{"line":16,"column":59}},"7":{"start":{"line":17,"column":4},"end":{"line":17,"column":11}},"8":{"start":{"line":19,"column":4},"end":{"line":19,"column":14}},"9":{"start":{"line":24,"column":0},"end":{"line":26,"column":2}},"10":{"start":{"line":25,"column":2},"end":{"line":25,"column":58}},"11":{"start":{"line":28,"column":13},"end":{"line":28,"column":47}}},"fnMap":{"0":{"name":"(anonymous_0)","decl":{"start":{"line":12,"column":23},"end":{"line":12,"column":24}},"loc":{"start":{"line":12,"column":45},"end":{"line":21,"column":1}},"line":12},"1":{"name":"(anonymous_1)","decl":{"start":{"line":24,"column":37},"end":{"line":24,"column":38}},"loc":{"start":{"line":24,"column":72},"end":{"line":26,"column":1}},"line":24}},"branchMap":{"0":{"loc":{"start":{"line":13,"column":2},"end":{"line":13,"column":50}},"type":"if","locations":[{"start":{"line":13,"column":2},"end":{"line":13,"column":50}},{"start":{},"end":{}}],"line":13}},"s":{"0":5,"1":5,"2":12,"3":4,"4":8,"5":8,"6":8,"7":8,"8":0,"9":5,"10":4,"11":5},"f":{"0":12,"1":4},"b":{"0":[4,8]},"_coverageSchema":"1a1c01bbd47fc00a2c39e90264f33305004495a9","hash":"d512f0c82c7c765cd715063f3a55334331430c0a"}
,"/home/iiitb/Vidu_SE/SEProject/Mernify/Backend/models/Workspace.js": {"path":"/home/iiitb/Vidu_SE/SEProject/Mernify/Backend/models/Workspace.js","statementMap":{"0":{"start":{"line":3,"column":24},"end":{"line":12,"column":1}},"1":{"start":{"line":14,"column":18},"end":{"line":14,"column":62}},"2":{"start":{"line":15,"column":0},"end":{"line":15,"column":124}}},"fnMap":{},"branchMap":{},"s":{"0":3,"1":3,"2":3},"f":{},"b":{},"_coverageSchema":"1a1c01bbd47fc00a2c39e90264f33305004495a9","hash":"333e839d308ec8829d558f66a24bf709da880f09"}
,"/home/iiitb/Vidu_SE/SEProject/Mernify/Backend/routes/promptRoutes.js": {"path":"/home/iiitb/Vidu_SE/SEProject/Mernify/Backend/routes/promptRoutes.js","statementMap":{"0":{"start":{"line":16,"column":15},"end":{"line":16,"column":31}},"1":{"start":{"line":18,"column":0},"end":{"line":20,"column":28}},"2":{"start":{"line":23,"column":0},"end":{"line":23,"column":58}},"3":{"start":{"line":24,"column":0},"end":{"line":24,"column":55}},"4":{"start":{"line":27,"column":0},"end":{"line":27,"column":51}},"5":{"start":{"line":30,"column":0},"end":{"line":31,"column":31}},"6":{"start":{"line":34,"column":0},"end":{"line":35,"column":38}},"7":{"start":{"line":38,"column":0},"end":{"line":39,"column":37}},"8":{"start":{"line":41,"column":0},"end":{"line":42,"column":36}}},"fnMap":{},"branchMap":{},"s":{"0":2,"1":2,"2":2,"3":2,"4":2,"5":2,"6":2,"7":2,"8":2},"f":{},"b":{},"_coverageSchema":"1a1c01bbd47fc00a2c39e90264f33305004495a9","hash":"8c797275dd39c2d1934d10bb4b888bf837b822c4"}
,"/home/iiitb/Vidu_SE/SEProject/Mernify/Backend/routes/userRoutes.js": {"path":"/home/iiitb/Vidu_SE/SEProject/Mernify/Backend/routes/userRoutes.js","statementMap":{"0":{"start":{"line":4,"column":13},"end":{"line":4,"column":29}},"1":{"start":{"line":7,"column":0},"end":{"line":7,"column":39}},"2":{"start":{"line":10,"column":0},"end":{"line":10,"column":32}},"3":{"start":{"line":12,"column":0},"end":{"line":12,"column":43}}},"fnMap":{},"branchMap":{},"s":{"0":3,"1":3,"2":3,"3":3},"f":{},"b":{},"_coverageSchema":"1a1c01bbd47fc00a2c39e90264f33305004495a9","hash":"3e1c9bc00244260a4d5184147347c5a7a9ec8b09"}
,"/home/iiitb/Vidu_SE/SEProject/Mernify/Backend/routes/workspaceRoutes.js": {"path":"/home/iiitb/Vidu_SE/SEProject/Mernify/Backend/routes/workspaceRoutes.js","statementMap":{"0":{"start":{"line":11,"column":15},"end":{"line":11,"column":31}},"1":{"start":{"line":12,"column":0},"end":{"line":12,"column":64}},"2":{"start":{"line":13,"column":0},"end":{"line":13,"column":81}},"3":{"start":{"line":14,"column":0},"end":{"line":14,"column":74}},"4":{"start":{"line":15,"column":0},"end":{"line":15,"column":55}}},"fnMap":{},"branchMap":{},"s":{"0":2,"1":2,"2":2,"3":2,"4":2},"f":{},"b":{},"_coverageSchema":"1a1c01bbd47fc00a2c39e90264f33305004495a9","hash":"0ac05bef994a026981a907e2e6a68208036c3925"}
}
