TN:
SF:controllers/promptController.js
FN:8,(anonymous_0)
FN:49,(anonymous_1)
FN:63,(anonymous_2)
FN:83,(anonymous_3)
FN:134,(anonymous_4)
FN:177,(anonymous_5)
FN:210,(anonymous_6)
FN:235,(anonymous_7)
FN:241,(anonymous_8)
FN:259,(anonymous_9)
FN:271,(anonymous_10)
FN:293,(anonymous_11)
FN:296,(anonymous_12)
FNF:13
FNH:5
FNDA:1,(anonymous_0)
FNDA:0,(anonymous_1)
FNDA:0,(anonymous_2)
FNDA:2,(anonymous_3)
FNDA:2,(anonymous_4)
FNDA:0,(anonymous_5)
FNDA:0,(anonymous_6)
FNDA:0,(anonymous_7)
FNDA:0,(anonymous_8)
FNDA:6,(anonymous_9)
FNDA:2,(anonymous_10)
FNDA:0,(anonymous_11)
FNDA:0,(anonymous_12)
DA:8,3
DA:9,1
DA:10,1
DA:11,1
DA:14,1
DA:15,1
DA:16,1
DA:17,1
DA:20,1
DA:35,1
DA:36,1
DA:37,1
DA:38,1
DA:41,1
DA:43,0
DA:44,0
DA:49,3
DA:50,0
DA:52,0
DA:55,0
DA:57,0
DA:58,0
DA:63,3
DA:64,0
DA:65,0
DA:66,0
DA:68,0
DA:73,0
DA:75,0
DA:77,0
DA:78,0
DA:83,3
DA:84,2
DA:85,2
DA:86,2
DA:87,2
DA:89,2
DA:90,2
DA:92,2
DA:93,0
DA:99,0
DA:100,0
DA:101,0
DA:102,0
DA:105,2
DA:112,2
DA:113,2
DA:115,2
DA:117,2
DA:122,2
DA:128,0
DA:129,0
DA:134,3
DA:135,2
DA:136,2
DA:137,2
DA:138,0
DA:141,2
DA:142,2
DA:144,2
DA:145,1
DA:148,1
DA:149,1
DA:150,0
DA:153,1
DA:154,1
DA:161,1
DA:162,1
DA:163,1
DA:165,1
DA:167,1
DA:169,1
DA:171,0
DA:172,0
DA:177,3
DA:178,0
DA:179,0
DA:180,0
DA:181,0
DA:184,0
DA:185,0
DA:187,0
DA:188,0
DA:191,0
DA:192,0
DA:193,0
DA:196,0
DA:197,0
DA:198,0
DA:200,0
DA:202,0
DA:204,0
DA:205,0
DA:210,3
DA:211,0
DA:212,0
DA:213,0
DA:218,0
DA:219,0
DA:220,0
DA:221,0
DA:222,0
DA:235,0
DA:236,0
DA:237,0
DA:238,0
DA:239,0
DA:241,0
DA:246,0
DA:247,0
DA:249,0
DA:251,0
DA:252,0
DA:259,3
DA:260,6
DA:261,6
DA:262,6
DA:267,5
DA:268,5
DA:270,4
DA:271,4
DA:273,4
DA:275,2
DA:276,2
DA:277,2
DA:278,2
DA:281,2
DA:282,2
DA:283,2
DA:284,2
DA:287,0
DA:288,0
DA:293,3
DA:294,0
DA:295,0
DA:296,0
DA:297,0
DA:299,0
DA:300,0
LF:139
LH:68
BRDA:11,0,0,0
BRDA:11,0,1,1
BRDA:11,1,0,1
BRDA:11,1,1,1
BRDA:15,2,0,1
BRDA:15,2,1,0
BRDA:17,3,0,0
BRDA:17,3,1,1
BRDA:24,4,0,1
BRDA:24,4,1,0
BRDA:35,5,0,1
BRDA:35,5,1,0
BRDA:36,6,0,1
BRDA:36,6,1,0
BRDA:66,7,0,0
BRDA:66,7,1,0
BRDA:73,8,0,0
BRDA:73,8,1,0
BRDA:87,9,0,0
BRDA:87,9,1,2
BRDA:90,10,0,0
BRDA:90,10,1,2
BRDA:92,11,0,0
BRDA:92,11,1,2
BRDA:137,12,0,0
BRDA:137,12,1,2
BRDA:137,13,0,2
BRDA:137,13,1,2
BRDA:142,14,0,0
BRDA:142,14,1,2
BRDA:144,15,0,1
BRDA:144,15,1,1
BRDA:149,16,0,0
BRDA:149,16,1,1
BRDA:149,17,0,1
BRDA:149,17,1,1
BRDA:180,18,0,0
BRDA:180,18,1,0
BRDA:180,19,0,0
BRDA:180,19,1,0
BRDA:185,20,0,0
BRDA:185,20,1,0
BRDA:187,21,0,0
BRDA:187,21,1,0
BRDA:192,22,0,0
BRDA:192,22,1,0
BRDA:192,23,0,0
BRDA:192,23,1,0
BRDA:212,24,0,0
BRDA:212,24,1,0
BRDA:221,25,0,0
BRDA:221,25,1,0
BRDA:237,26,0,0
BRDA:237,26,1,0
BRDA:243,27,0,0
BRDA:243,27,1,0
BRDA:247,28,0,0
BRDA:247,28,1,0
BRDA:247,29,0,0
BRDA:247,29,1,0
BRDA:262,30,0,1
BRDA:262,30,1,5
BRDA:268,31,0,1
BRDA:268,31,1,4
BRDA:271,32,0,4
BRDA:271,32,1,0
BRDA:273,33,0,2
BRDA:273,33,1,2
BRDA:276,34,0,2
BRDA:276,34,1,0
BRDA:282,35,0,2
BRDA:282,35,1,2
BRDA:296,36,0,0
BRDA:296,36,1,0
BRF:74
BRH:30
end_of_record
TN:
SF:controllers/userController.js
FN:4,(anonymous_0)
FN:6,(anonymous_1)
FN:24,(anonymous_2)
FN:42,(anonymous_3)
FNF:4
FNH:4
FNDA:2,(anonymous_0)
FNDA:2,(anonymous_1)
FNDA:2,(anonymous_2)
FNDA:1,(anonymous_3)
DA:4,3
DA:6,3
DA:7,2
DA:8,2
DA:9,2
DA:11,1
DA:12,1
DA:13,1
DA:20,0
DA:24,3
DA:25,2
DA:26,2
DA:28,2
DA:29,1
DA:36,1
DA:42,3
DA:43,1
DA:47,0
DA:49,0
LF:19
LH:16
BRDA:4,0,0,2
BRDA:4,0,1,0
BRDA:9,1,0,1
BRDA:9,1,1,1
BRDA:12,2,0,1
BRDA:12,2,1,0
BRDA:28,3,0,1
BRDA:28,3,1,1
BRDA:28,4,0,2
BRDA:28,4,1,2
BRDA:47,5,0,0
BRDA:47,5,1,0
BRF:12
BRH:8
end_of_record
TN:
SF:controllers/workspaceController.js
FN:7,(anonymous_0)
FN:28,(anonymous_1)
FN:39,(anonymous_2)
FN:59,(anonymous_3)
FN:94,(anonymous_4)
FN:125,(anonymous_5)
FN:146,(anonymous_6)
FNF:7
FNH:5
FNDA:3,(anonymous_0)
FNDA:2,(anonymous_1)
FNDA:2,(anonymous_2)
FNDA:0,(anonymous_3)
FNDA:0,(anonymous_4)
FNDA:1,(anonymous_5)
FNDA:1,(anonymous_6)
DA:7,2
DA:8,3
DA:9,3
DA:10,3
DA:11,2
DA:18,2
DA:19,2
DA:20,2
DA:21,2
DA:23,0
DA:28,2
DA:29,2
DA:31,2
DA:39,2
DA:41,2
DA:44,2
DA:46,2
DA:53,2
DA:55,0
DA:59,2
DA:60,0
DA:61,0
DA:62,0
DA:64,0
DA:65,0
DA:68,0
DA:84,0
DA:85,0
DA:87,0
DA:89,0
DA:94,2
DA:95,0
DA:96,0
DA:118,0
DA:120,0
DA:121,0
DA:125,2
DA:126,1
DA:128,1
DA:130,1
DA:131,0
DA:134,1
DA:135,0
DA:138,1
DA:139,1
DA:141,1
DA:142,0
DA:146,1
DA:147,0
DA:151,1
DA:152,1
DA:155,1
DA:156,1
DA:157,1
DA:158,1
DA:161,1
DA:168,0
DA:170,0
DA:171,0
DA:173,0
LF:60
LH:35
BRDA:10,0,0,1
BRDA:10,0,1,2
BRDA:65,1,0,0
BRDA:65,1,1,0
BRDA:128,2,0,1
BRDA:128,2,1,0
BRDA:130,3,0,0
BRDA:130,3,1,1
BRDA:134,4,0,0
BRDA:134,4,1,1
BRDA:141,5,0,0
BRDA:141,5,1,1
BRDA:146,6,0,0
BRDA:146,6,1,1
BRDA:156,7,0,1
BRDA:156,7,1,0
BRDA:156,8,0,1
BRDA:156,8,1,1
BRDA:170,9,0,0
BRDA:170,9,1,0
BRF:20
BRH:10
end_of_record
TN:
SF:models/Prompt.js
FNF:0
FNH:0
DA:4,2
DA:13,2
DA:20,2
DA:34,2
DA:36,2
LF:5
LH:5
BRF:0
BRH:0
end_of_record
TN:
SF:models/User.js
FN:12,(anonymous_0)
FN:24,(anonymous_1)
FNF:2
FNH:2
FNDA:12,(anonymous_0)
FNDA:4,(anonymous_1)
DA:4,5
DA:12,5
DA:13,12
DA:14,8
DA:15,8
DA:16,8
DA:17,8
DA:19,0
DA:24,5
DA:25,4
DA:28,5
LF:11
LH:10
BRDA:13,0,0,4
BRDA:13,0,1,8
BRF:2
BRH:2
end_of_record
TN:
SF:models/Workspace.js
FNF:0
FNH:0
DA:3,3
DA:14,3
DA:15,3
LF:3
LH:3
BRF:0
BRH:0
end_of_record
TN:
SF:routes/promptRoutes.js
FNF:0
FNH:0
DA:16,2
DA:18,2
DA:23,2
DA:24,2
DA:27,2
DA:30,2
DA:34,2
DA:38,2
DA:41,2
LF:9
LH:9
BRF:0
BRH:0
end_of_record
TN:
SF:routes/userRoutes.js
FNF:0
FNH:0
DA:4,3
DA:7,3
DA:10,3
DA:12,3
LF:4
LH:4
BRF:0
BRH:0
end_of_record
TN:
SF:routes/workspaceRoutes.js
FNF:0
FNH:0
DA:11,2
DA:12,2
DA:13,2
DA:14,2
DA:15,2
LF:5
LH:5
BRF:0
BRH:0
end_of_record
